<?xml version="1.0" encoding="UTF-8"?>
<!-- Generated by org.testng.reporters.JUnitXMLReporter -->
<testsuite ignored="0" hostname="Athirahs-MacBook-Air.local" failures="1" tests="2" name="Functional Tests" time="2.224" errors="0" timestamp="2024-07-24T22:37:01 MYT">
  <testcase classname="athirahrahmat.TestCases.OpenBrowser" name="getWebPageTitle" time="0.02"/>
  <testcase classname="athirahrahmat.TestCases.LoginSuccessfully" name="login" time="0.003">
    <failure type="java.lang.NullPointerException" message="Cannot invoke &amp;quot;org.openqa.selenium.WebDriver.findElement(org.openqa.selenium.By)&amp;quot; because &amp;quot;this.driver&amp;quot; is null">
      <![CDATA[java.lang.NullPointerException: Cannot invoke "org.openqa.selenium.WebDriver.findElement(org.openqa.selenium.By)" because "this.driver" is null
at athirahrahmat.TestCases.LoginSuccessfully.login(LoginSuccessfully.java:24)
at java.base/java.util.ArrayList.forEach(ArrayList.java:1597)
at java.base/java.util.concurrent.FutureTask.run(FutureTask.java:317)
at java.base/java.util.concurrent.ThreadPoolExecutor.runWorker(ThreadPoolExecutor.java:1144)
at java.base/java.util.concurrent.ThreadPoolExecutor$Worker.run(ThreadPoolExecutor.java:642)
at java.base/java.lang.Thread.run(Thread.java:1570)
... Removed 15 stack frames]]>
    </failure>
  </testcase> <!-- login -->
</testsuite> <!-- Functional Tests -->
