<?xml version="1.0" encoding="UTF-8"?>
<!-- Generated by org.testng.reporters.JUnitXMLReporter -->
<<<<<<< Updated upstream
<testsuite ignored="0" hostname="Athirahs-MacBook-Air.local" failures="0" tests="1" name="Functional Testing" time="0.021" errors="0" timestamp="2024-07-25T01:42:35 MYT">
  <testcase classname="athirahrahmat.Utils.BaseTest" name="@BeforeMethod navigateToURL" time="0.001">
    <failure type="java.lang.NullPointerException" message="Cannot invoke &amp;quot;org.openqa.selenium.WebDriver.get(String)&amp;quot; because &amp;quot;this.driver&amp;quot; is null">
      <![CDATA[java.lang.NullPointerException: Cannot invoke "org.openqa.selenium.WebDriver.get(String)" because "this.driver" is null
at athirahrahmat.Utils.BaseTest.navigateToURL(BaseTest.java:29)
at java.base/java.util.concurrent.Executors$RunnableAdapter.call(Executors.java:572)
at java.base/java.util.concurrent.FutureTask.run(FutureTask.java:317)
at java.base/java.util.concurrent.ThreadPoolExecutor.runWorker(ThreadPoolExecutor.java:1144)
at java.base/java.util.concurrent.ThreadPoolExecutor$Worker.run(ThreadPoolExecutor.java:642)
at java.base/java.lang.Thread.run(Thread.java:1570)
... Removed 15 stack frames]]>
    </failure>
  </testcase> <!-- @BeforeMethod navigateToURL -->
  <testcase classname="athirahrahmat.TestCases.Login" name="login" time="0.0">
    <skipped/>
  </testcase> <!-- login -->
=======
<testsuite ignored="8" hostname="Athirahs-MacBook-Air.local" failures="0" tests="6" name="Functional Testing" time="4.152" errors="0" timestamp="2024-07-29T23:50:47 MYT">
  <testcase classname="athirahrahmat.TestCases.Login" name="login" time="0.705"/>
  <testcase classname="athirahrahmat.TestCases.AddToCart" name="selectProduct" time="0.621"/>
  <testcase classname="athirahrahmat.TestCases.ViewCart" name="verifyProdInCart" time="1.373"/>
  <testcase classname="athirahrahmat.TestCases.Checkout" name="clickCheckout" time="0.068"/>
  <testcase classname="athirahrahmat.TestCases.SubmitOrder" name="selectCountry" time="0.751"/>
  <testcase classname="athirahrahmat.TestCases.SubmitOrder" name="submitOrder" time="0.602"/>
  <testcase classname="athirahrahmat.Utils.BaseTest" name="@AfterSuite closeBrowser" time="0.0">
    <ignored/>
  </testcase> <!-- @AfterSuite closeBrowser -->
  <testcase classname="athirahrahmat.Utils.BaseTest" name="@BeforeSuite invokeBrowser" time="0.0">
    <ignored/>
  </testcase> <!-- @BeforeSuite invokeBrowser -->
  <testcase classname="athirahrahmat.Utils.BaseTest" name="@AfterSuite closeBrowser" time="0.0">
    <ignored/>
  </testcase> <!-- @AfterSuite closeBrowser -->
  <testcase classname="athirahrahmat.Utils.BaseTest" name="@AfterSuite closeBrowser" time="0.0">
    <ignored/>
  </testcase> <!-- @AfterSuite closeBrowser -->
  <testcase classname="athirahrahmat.Utils.BaseTest" name="@BeforeSuite invokeBrowser" time="0.0">
    <ignored/>
  </testcase> <!-- @BeforeSuite invokeBrowser -->
  <testcase classname="athirahrahmat.Utils.BaseTest" name="@BeforeSuite invokeBrowser" time="0.0">
    <ignored/>
  </testcase> <!-- @BeforeSuite invokeBrowser -->
  <testcase classname="athirahrahmat.Utils.BaseTest" name="@AfterSuite closeBrowser" time="0.0">
    <ignored/>
  </testcase> <!-- @AfterSuite closeBrowser -->
  <testcase classname="athirahrahmat.Utils.BaseTest" name="@BeforeSuite invokeBrowser" time="0.0">
    <ignored/>
  </testcase> <!-- @BeforeSuite invokeBrowser -->
>>>>>>> Stashed changes
</testsuite> <!-- Functional Testing -->
