<!DOCTYPE html PUBLIC "-//W3C//DTD XHTML 1.1//EN" "https://www.w3.org/TR/xhtml11/DTD/xhtml11.dtd">
<html xmlns="https://www.w3.org/1999/xhtml">
<head>
<meta http-equiv="content-type" content="text/html; charset=UTF-8"/>
<title>TestNG Report</title>
<style type="text/css">table {margin-bottom:10px;border-collapse:collapse;empty-cells:show}th,td {border:1px solid #009;padding:.25em .5em}th {vertical-align:bottom}td {vertical-align:top}table a {font-weight:bold}.stripe td {background-color: #E6EBF9}.num {text-align:right}.passedodd td {background-color: #3F3}.passedeven td {background-color: #0A0}.skippedodd td {background-color: #DDD}.skippedeven td {background-color: #CCC}.failedodd td,.attn {background-color: #F33}.failedeven td,.stripe .attn {background-color: #D00}.stacktrace {white-space:pre;font-family:monospace}.totop {font-size:85%;text-align:center;border-bottom:2px solid #000}.invisible {display:none}</style>
</head>
<body>
<table>
<tr><th>Test</th><th># Passed</th><th># Skipped</th><th># Retried</th><th># Failed</th><th>Time (ms)</th><th>Included Groups</th><th>Excluded Groups</th></tr>
<<<<<<< Updated upstream
<tr><th colspan="8">FunctionalTesting</th></tr>
<<<<<<< Updated upstream
<tr><td><a href="#t0">Functional Testing</a></td><td class="num">0</td><td class="num attn">1</td><td class="num">0</td><td class="num">0</td><td class="num">21</td><td></td><td></td></tr>
<tr class="stripe"><td><a href="#t1">Negative Testing</a></td><td class="num">2</td><td class="num">0</td><td class="num">0</td><td class="num">0</td><td class="num">2,658</td><td></td><td></td></tr>
<tr><th>Total</th><th class="num">2</th><th class="num attn">1</th><th class="num">0</th><th class="num">0</th><th class="num">2,679</th><th colspan="2"></th></tr>
</table>
<table id='summary'><thead><tr><th>Class</th><th>Method</th><th>Start</th><th>Time (ms)</th></tr></thead><tbody><tr><th colspan="4">FunctionalTesting</th></tr></tbody><tbody id="t0"><tr><th colspan="4">Functional Testing &#8212; failed (configuration methods)</th></tr><tr class="failedeven"><td rowspan="1">athirahrahmat.TestCases.Login</td><td><a href="#m0">navigateToURL</a></td><td rowspan="1">1721842955732</td><td rowspan="1">1</td></tr><tr><th colspan="4">Functional Testing &#8212; skipped</th></tr><tr class="skippedeven"><td rowspan="1">athirahrahmat.TestCases.Login</td><td><a href="#m1">login</a></td><td rowspan="1">1721842955738</td><td rowspan="1">0</td></tr></tbody>
<tbody id="t1"><tr><th colspan="4">Negative Testing &#8212; passed</th></tr><tr class="passedeven"><td rowspan="2">athirahrahmat.TestCases.InvalidCredential</td><td><a href="#m2">wrongPassword</a></td><td rowspan="1">1721842957838</td><td rowspan="1">367</td></tr><tr class="passedeven"><td><a href="#m3">wrongUsername</a></td><td rowspan="1">1721842958259</td><td rowspan="1">172</td></tr></tbody>
=======
<tr><td><a href="#t0">Functional Testing</a></td><td class="num">6</td><td class="num">0</td><td class="num">0</td><td class="num">0</td><td class="num">4,152</td><td></td><td></td></tr>
</table>
<table id='summary'><thead><tr><th>Class</th><th>Method</th><th>Start</th><th>Time (ms)</th></tr></thead><tbody><tr><th colspan="4">FunctionalTesting</th></tr></tbody><tbody id="t0"><tr><th colspan="4">Functional Testing &#8212; passed</th></tr><tr class="passedeven"><td rowspan="1">athirahrahmat.TestCases.AddToCart</td><td><a href="#m0">selectProduct</a></td><td rowspan="1">1722268243893</td><td rowspan="1">621</td></tr><tr class="passedodd"><td rowspan="1">athirahrahmat.TestCases.Checkout</td><td><a href="#m1">clickCheckout</a></td><td rowspan="1">1722268245892</td><td rowspan="1">68</td></tr><tr class="passedeven"><td rowspan="1">athirahrahmat.TestCases.Login</td><td><a href="#m2">login</a></td><td rowspan="1">1722268243184</td><td rowspan="1">705</td></tr><tr class="passedodd"><td rowspan="2">athirahrahmat.TestCases.SubmitOrder</td><td><a href="#m3">selectCountry</a></td><td rowspan="1">1722268245961</td><td rowspan="1">751</td></tr><tr class="passedodd"><td><a href="#m4">submitOrder</a></td><td rowspan="1">1722268246713</td><td rowspan="1">602</td></tr><tr class="passedeven"><td rowspan="1">athirahrahmat.TestCases.ViewCart</td><td><a href="#m5">verifyProdInCart</a></td><td rowspan="1">1722268244517</td><td rowspan="1">1373</td></tr></tbody>
>>>>>>> Stashed changes
</table>
<h2>Functional Testing</h2><h3 id="m0">athirahrahmat.TestCases.Login#navigateToURL</h3><table class="result"><tr><th>Exception</th></tr><tr><td><div class="stacktrace">java.lang.NullPointerException: Cannot invoke &quot;org.openqa.selenium.WebDriver.get(String)&quot; because &quot;this.driver&quot; is null
	at athirahrahmat.Utils.BaseTest.navigateToURL(BaseTest.java:29)
	at java.base/java.util.concurrent.Executors$RunnableAdapter.call(Executors.java:572)
=======
<tr><th colspan="8">Functional Test Suite</th></tr>
<tr><td><a href="#t0">Functional Testing</a></td><td class="num">6</td><td class="num">0</td><td class="num">0</td><td class="num attn">1</td><td class="num">39,631</td><td></td><td></td></tr>
</table>
<table id='summary'><thead><tr><th>Class</th><th>Method</th><th>Start</th><th>Time (ms)</th></tr></thead><tbody><tr><th colspan="4">Functional Test Suite</th></tr></tbody><tbody id="t0"><tr><th colspan="4">Functional Testing &#8212; failed</th></tr><tr class="failedeven"><td rowspan="1">athirahrahmat.TestScripts.SubmitOrder</td><td><a href="#m0">submitOrder</a></td><td rowspan="1">1722267637034</td><td rowspan="1">15025</td></tr><tr><th colspan="4">Functional Testing &#8212; passed</th></tr><tr class="passedeven"><td rowspan="1">athirahrahmat.TestScripts.AddMoreThan1Product</td><td><a href="#m1">selectProducts</a></td><td rowspan="1">1722267615622</td><td rowspan="1">3315</td></tr><tr class="passedodd"><td rowspan="1">athirahrahmat.TestScripts.AddToCart</td><td><a href="#m2">selectProduct</a></td><td rowspan="1">1722267615018</td><td rowspan="1">603</td></tr><tr class="passedeven"><td rowspan="1">athirahrahmat.TestScripts.Checkout</td><td><a href="#m3">clickCheckout</a></td><td rowspan="1">1722267620915</td><td rowspan="1">1091</td></tr><tr class="passedodd"><td rowspan="1">athirahrahmat.TestScripts.Login</td><td><a href="#m4">login</a></td><td rowspan="1">1722267612455</td><td rowspan="1">2558</td></tr><tr class="passedeven"><td rowspan="1">athirahrahmat.TestScripts.SubmitOrder</td><td><a href="#m5">selectCountry</a></td><td rowspan="1">1722267622008</td><td rowspan="1">15023</td></tr><tr class="passedodd"><td rowspan="1">athirahrahmat.TestScripts.ViewCart</td><td><a href="#m6">verifyProdInCart</a></td><td rowspan="1">1722267618939</td><td rowspan="1">1975</td></tr></tbody>
</table>
<h2>Functional Testing</h2><h3 id="m0">athirahrahmat.TestScripts.SubmitOrder#submitOrder</h3><table class="result"><tr><th>Exception</th></tr><tr><td><div class="stacktrace">org.openqa.selenium.TimeoutException: Expected condition failed: waiting for element to be clickable: By.cssSelector: .action__submit (tried for 15 second(s) with 500 milliseconds interval)
Build info: version: &apos;4.23.0&apos;, revision: &apos;4df0a231af&apos;
System info: os.name: &apos;Mac OS X&apos;, os.arch: &apos;aarch64&apos;, os.version: &apos;14.5&apos;, java.version: &apos;22.0.1&apos;
Driver info: org.openqa.selenium.chrome.ChromeDriver
Capabilities {acceptInsecureCerts: false, browserName: chrome, browserVersion: 127.0.6533.73, chrome: {chromedriverVersion: 126.0.6478.63 (df799988fdc9..., userDataDir: /var/folders/bj/1skm_h4s1gb...}, fedcm:accounts: true, goog:chromeOptions: {debuggerAddress: localhost:58977}, networkConnectionEnabled: false, pageLoadStrategy: normal, platformName: mac, proxy: Proxy(), se:cdp: ws://localhost:58977/devtoo..., se:cdpVersion: 127.0.6533.73, setWindowRect: true, strictFileInteractability: false, timeouts: {implicit: 0, pageLoad: 300000, script: 30000}, unhandledPromptBehavior: dismiss and notify, webauthn:extension:credBlob: true, webauthn:extension:largeBlob: true, webauthn:extension:minPinLength: true, webauthn:extension:prf: true, webauthn:virtualAuthenticators: true}
Session ID: 18767ba7cef6f4de5967bf1b820a18b6
	at org.openqa.selenium.support.ui.WebDriverWait.timeoutException(WebDriverWait.java:84)
	at org.openqa.selenium.support.ui.FluentWait.until(FluentWait.java:228)
	at athirahrahmat.TestScripts.SubmitOrder.submitOrder(SubmitOrder.java:53)
	at java.base/java.util.ArrayList.forEach(ArrayList.java:1597)
>>>>>>> Stashed changes
	at java.base/java.util.concurrent.FutureTask.run(FutureTask.java:317)
	at java.base/java.util.concurrent.ThreadPoolExecutor.runWorker(ThreadPoolExecutor.java:1144)
	at java.base/java.util.concurrent.ThreadPoolExecutor$Worker.run(ThreadPoolExecutor.java:642)
	at java.base/java.lang.Thread.run(Thread.java:1570)
... Removed 15 stack frames</div></td></tr></table><p class="totop"><a href="#summary">back to summary</a></p>
<<<<<<< Updated upstream
<h3 id="m1">athirahrahmat.TestCases.Login#login</h3><table class="result"><tr><th>Exception</th></tr><tr><td><div class="stacktrace">java.lang.NullPointerException: Cannot invoke &quot;org.openqa.selenium.WebDriver.get(String)&quot; because &quot;this.driver&quot; is null
	at athirahrahmat.Utils.BaseTest.navigateToURL(BaseTest.java:29)
	at java.base/java.util.concurrent.Executors$RunnableAdapter.call(Executors.java:572)
	at java.base/java.util.concurrent.FutureTask.run(FutureTask.java:317)
	at java.base/java.util.concurrent.ThreadPoolExecutor.runWorker(ThreadPoolExecutor.java:1144)
	at java.base/java.util.concurrent.ThreadPoolExecutor$Worker.run(ThreadPoolExecutor.java:642)
	at java.base/java.lang.Thread.run(Thread.java:1570)
... Removed 15 stack frames</div></td></tr></table><p class="totop"><a href="#summary">back to summary</a></p>
<h2>Negative Testing</h2><h3 id="m2">athirahrahmat.TestCases.InvalidCredential#wrongPassword</h3><table class="result"><tr><th class="invisible"/></tr></table><p class="totop"><a href="#summary">back to summary</a></p>
<h3 id="m3">athirahrahmat.TestCases.InvalidCredential#wrongUsername</h3><table class="result"><tr><th class="invisible"/></tr></table><p class="totop"><a href="#summary">back to summary</a></p>
=======
<h3 id="m1">athirahrahmat.TestScripts.AddMoreThan1Product#selectProducts</h3><table class="result"><tr><th class="invisible"/></tr></table><p class="totop"><a href="#summary">back to summary</a></p>
<h3 id="m2">athirahrahmat.TestScripts.AddToCart#selectProduct</h3><table class="result"><tr><th class="invisible"/></tr></table><p class="totop"><a href="#summary">back to summary</a></p>
<h3 id="m3">athirahrahmat.TestScripts.Checkout#clickCheckout</h3><table class="result"><tr><th class="invisible"/></tr></table><p class="totop"><a href="#summary">back to summary</a></p>
<h3 id="m4">athirahrahmat.TestScripts.Login#login</h3><table class="result"><tr><th class="invisible"/></tr></table><p class="totop"><a href="#summary">back to summary</a></p>
<h3 id="m5">athirahrahmat.TestScripts.SubmitOrder#selectCountry</h3><table class="result"><tr><th class="invisible"/></tr></table><p class="totop"><a href="#summary">back to summary</a></p>
<h3 id="m6">athirahrahmat.TestScripts.ViewCart#verifyProdInCart</h3><table class="result"><tr><th class="invisible"/></tr></table><p class="totop"><a href="#summary">back to summary</a></p>
>>>>>>> Stashed changes
</body>
</html>
